<?xml version="1.0" encoding="UTF-8"?>
<!-- Generated by org.testng.reporters.JUnitReportReporter -->
<testsuite skipped="0" hostname="hp-PC" name="Wetesterr.Wetesterr_Framework.OrangeHRM_Login_Module" tests="1" failures="0" timestamp="05 Sep 2020 10:26:36 GMT" time="11.528" errors="0">
  <testcase name="Login_to_Application" time="11.528" classname="Wetesterr.Wetesterr_Framework.OrangeHRM_Login_Module"/>
</testsuite> <!-- Wetesterr.Wetesterr_Framework.OrangeHRM_Login_Module -->
