<?xml version="1.0" encoding="UTF-8"?>
<!-- Generated by org.testng.reporters.JUnitReportReporter -->
<testsuite skipped="0" hostname="hp-PC" name="Wetesterr.Wetesterr_Framework.OrangeHRM_Assign_Leave_Module" tests="1" failures="0" timestamp="05 Sep 2020 12:38:26 GMT" time="28.565" errors="0">
  <testcase name="Assign_Leaves" time="28.565" classname="Wetesterr.Wetesterr_Framework.OrangeHRM_Assign_Leave_Module"/>
</testsuite> <!-- Wetesterr.Wetesterr_Framework.OrangeHRM_Assign_Leave_Module -->
