<?xml version="1.0" encoding="UTF-8"?>
<!-- Generated by org.testng.reporters.JUnitReportReporter -->
<testsuite skipped="0" hostname="hp-PC" name="Wetesterr.Wetesterr_Framework.Facebook_Login" tests="1" failures="0" timestamp="03 Sep 2020 01:27:01 GMT" time="0.007" errors="0">
  <testcase name="Login_to_Application" time="0.007" classname="Wetesterr.Wetesterr_Framework.Facebook_Login"/>
</testsuite> <!-- Wetesterr.Wetesterr_Framework.Facebook_Login -->
