<?xml version="1.0" encoding="UTF-8"?>
<!-- Generated by org.testng.reporters.JUnitReportReporter -->
<testsuite skipped="0" hostname="hp-PC" name="Wetesterr.Wetesterr_Framework.OrangeHRM_Login" tests="1" failures="0" timestamp="05 Sep 2020 05:39:19 GMT" time="7.611" errors="0">
  <testcase name="Login_to_Application" time="7.611" classname="Wetesterr.Wetesterr_Framework.OrangeHRM_Login"/>
</testsuite> <!-- Wetesterr.Wetesterr_Framework.OrangeHRM_Login -->
